android/app/build/outputs/logs/manifest-merger-main-debug-report.txt
-- Merging decision tree log ---
permission#com.OrganizationID.CanonicalAppID.permission.C2D_MESSAGE
INJECTED from src/main/AndroidManifest.xml:7:3-9:42
MERGED from src/main/AndroidManifest.xml:7:3-9:42
MERGED from src/main/AndroidManifest.xml:7:3-9:42
MERGED from [com.onesignal:OneSignal:3.7.1] AndroidManifest.xml:8:5-10:47
MERGED from [com.google.firebase:firebase-iid:9.8.0] AndroidManifest.xml:24:5-109
	android:protectionLevel
		ADDED from src/main/AndroidManifest.xml:9:5-40
	android:name
		INJECTED from src/main/AndroidManifest.xml
		ADDED from src/main/AndroidManifest.xml:8:5-59
uses-permission#com.OrganizationID.CanonicalAppID.permission.C2D_MESSAGE
INJECTED from src/main/AndroidManifest.xml:12:3-77
MERGED from src/main/AndroidManifest.xml:12:3-77
MERGED from src/main/AndroidManifest.xml:12:3-77
MERGED from [com.onesignal:OneSignal:3.7.1] AndroidManifest.xml:12:5-79
MERGED from [com.google.firebase:firebase-iid:9.8.0] AndroidManifest.xml:26:5-78
	android:name
		INJECTED from src/main/AndroidManifest.xml
		ADDED from src/main/AndroidManifest.xml:12:20-74
data
INJECTED from src/main/AndroidManifest.xml:136:9-79
	android:path
		ADDED from src/main/AndroidManifest.xml:136:49-77
	android:scheme
		INJECTED from src/main/AndroidManifest.xml
		ADDED from src/main/AndroidManifest.xml:58:15-67
category#com.OrganizationID.CanonicalAppID
INJECTED from src/main/AndroidManifest.xml:214:9-52
	android:name
		INJECTED from src/main/AndroidManifest.xml
		ADDED from src/main/AndroidManifest.xml:214:19-50
manifest
ADDED from src/main/AndroidManifest.xml:2:1-291:12
INJECTED from src/main/AndroidManifest.xml:2:1-291:12
INJECTED from src/main/AndroidManifest.xml:2:1-291:12
INJECTED from src/main/AndroidManifest.xml:2:1-291:12
MERGED from src/main/AndroidManifest.xml:2:1-291:12
MERGED from [:react-native-onesignal] AndroidManifest.xml:2:1-11:12
MERGED from [host.exp.exponent:expoview:25.0.0] AndroidManifest.xml:2:1-85:12
MERGED from [com.android.support:multidex:1.0.2] AndroidManifest.xml:17:1-22:12
MERGED from [com.theartofdev.edmodo:android-image-cropper:2.4.7] AndroidManifest.xml:2:1-12:12
MERGED from [com.airbnb.android:lottie:2.2.0] AndroidManifest.xml:2:1-12:12
MERGED from [com.facebook.react:react-native:25.0.0] AndroidManifest.xml:2:1-15:12
MERGED from [com.google.android:cameraview:1.0.0] AndroidManifest.xml:14:1-34:12
MERGED from [com.facebook.android:facebook-android-sdk:4.28.0] AndroidManifest.xml:21:1-31:12
MERGED from [com.facebook.android:facebook-login:4.28.0] AndroidManifest.xml:21:1-31:12
MERGED from [com.facebook.android:facebook-share:4.28.0] AndroidManifest.xml:21:1-31:12
MERGED from [com.facebook.android:facebook-common:4.28.0] AndroidManifest.xml:21:1-36:12
MERGED from [com.facebook.android:audience-network-sdk:4.26.1] AndroidManifest.xml:2:1-20:12
MERGED from [com.android.support:appcompat-v7:26.0.1] AndroidManifest.xml:17:1-31:12
MERGED from [com.google.android.gms:play-services-gcm:9.8.0] AndroidManifest.xml:16:1-24:12
MERGED from [com.google.android.gms:play-services-analytics:9.8.0] AndroidManifest.xml:16:1-27:12
MERGED from [com.google.android.gms:play-services-wallet:9.8.0] AndroidManifest.xml:16:1-20:12
MERGED from [com.google.android.gms:play-services-maps:9.8.0] AndroidManifest.xml:16:1-25:12
MERGED from [com.google.android.gms:play-services-auth:9.8.0] AndroidManifest.xml:16:1-26:12
MERGED from [com.google.android.gms:play-services-fitness:9.8.0] AndroidManifest.xml:16:1-19:12
MERGED from [com.google.android.gms:play-services-location:9.8.0] AndroidManifest.xml:2:1-5:12
MERGED from [com.google.android.gms:play-services-ads:9.8.0] AndroidManifest.xml:16:1-18:12
MERGED from [com.raizlabs.android:DBFlow:2.2.1] AndroidManifest.xml:2:1-13:12
MERGED from [me.leolin:ShortcutBadger:1.1.4] AndroidManifest.xml:2:1-35:12
MERGED from [com.yqritc:android-scalablevideoview:1.0.1] AndroidManifest.xml:2:1-12:12
MERGED from [net.openid:appauth:0.4.1] AndroidManifest.xml:15:1-46:12
MERGED from [io.branch.sdk.android:library:2.6.1] AndroidManifest.xml:2:1-11:12
MERGED from [io.nlopez.smartlocation:library:3.2.11] AndroidManifest.xml:2:1-30:12
MERGED from [com.android.support:exifinterface:26.0.1] AndroidManifest.xml:17:1-28:12
MERGED from [com.facebook.fresco:imagepipeline-okhttp3:1.0.1] AndroidManifest.xml:2:1-9:12
MERGED from [com.google.firebase:firebase-core:9.8.0] AndroidManifest.xml:2:1-6:12
MERGED from [com.squareup.leakcanary:leakcanary-android-no-op:1.4-beta1] AndroidManifest.xml:17:1-24:12
MERGED from [com.onesignal:OneSignal:3.7.1] AndroidManifest.xml:2:1-106:12
MERGED from [com.stripe:stripe-android:2.1.0] AndroidManifest.xml:2:1-11:12
MERGED from [com.google.android.gms:play-services-iid:9.8.0] AndroidManifest.xml:16:1-24:12
MERGED from [com.google.android.gms:play-services-analytics-impl:9.8.0] AndroidManifest.xml:16:1-27:12
MERGED from [com.google.android.gms:play-services-auth-base:9.8.0] AndroidManifest.xml:2:1-5:12
MERGED from [com.google.android.gms:play-services-clearcut:9.8.0] AndroidManifest.xml:16:1-19:12
MERGED from [com.google.android.gms:play-services-vision:9.8.0] AndroidManifest.xml:2:1-5:12
MERGED from [com.google.android.gms:play-services-identity:9.8.0] AndroidManifest.xml:16:1-19:12
MERGED from [com.google.android.gms:play-services-base:9.8.0] AndroidManifest.xml:16:1-21:12
MERGED from [com.google.android.gms:play-services-ads-lite:9.8.0] AndroidManifest.xml:16:1-28:12
MERGED from [com.google.android.gms:play-services-gass:9.8.0] AndroidManifest.xml:2:1-5:12
MERGED from [com.google.firebase:firebase-analytics:9.8.0] AndroidManifest.xml:16:1-34:12
MERGED from [com.google.firebase:firebase-analytics-impl:9.8.0] AndroidManifest.xml:16:1-29:12
MERGED from [com.google.firebase:firebase-iid:9.8.0] AndroidManifest.xml:16:1-51:12
MERGED from [com.google.firebase:firebase-common:9.8.0] AndroidManifest.xml:2:1-8:12
MERGED from [com.google.android.gms:play-services-tasks:9.8.0] AndroidManifest.xml:2:1-5:12
MERGED from [com.google.android.gms:play-services-basement:9.8.0] AndroidManifest.xml:16:1-23:12
MERGED from [com.github.thefuntasty:CreditCardEntry:1.4.8.4] AndroidManifest.xml:2:1-12:12
MERGED from [com.android.support:support-v4:26.0.1] AndroidManifest.xml:17:1-31:12
MERGED from [com.android.support:support-media-compat:26.0.1] AndroidManifest.xml:17:1-31:12
MERGED from [com.android.support:support-fragment:26.0.1] AndroidManifest.xml:17:1-31:12
MERGED from [com.android.support:animated-vector-drawable:26.0.1] AndroidManifest.xml:17:1-28:12
MERGED from [com.android.support:recyclerview-v7:26.0.1] AndroidManifest.xml:17:1-28:12
MERGED from [com.android.support:support-core-ui:26.0.1] AndroidManifest.xml:17:1-31:12
MERGED from [com.android.support:support-vector-drawable:26.0.1] AndroidManifest.xml:17:1-28:12
MERGED from [com.facebook.android:facebook-places:4.28.0] AndroidManifest.xml:21:1-31:12
MERGED from [com.facebook.android:facebook-applinks:4.28.0] AndroidManifest.xml:21:1-31:12
MERGED from [com.facebook.android:facebook-messenger:4.28.0] AndroidManifest.xml:21:1-31:12
MERGED from [com.facebook.android:facebook-core:4.28.0] AndroidManifest.xml:21:1-45:12
MERGED from [com.android.support:support-core-utils:26.0.1] AndroidManifest.xml:17:1-31:12
MERGED from [com.android.support:customtabs:26.0.1] AndroidManifest.xml:17:1-28:12
MERGED from [com.android.support:support-compat:26.0.1] AndroidManifest.xml:17:1-31:12
MERGED from [com.google.android.exoplayer:exoplayer:r2.0.3] AndroidManifest.xml:17:1-25:12
MERGED from [com.android.support:cardview-v7:26.0.1] AndroidManifest.xml:17:1-28:12
MERGED from [com.crashlytics.sdk.android:answers-shim:0.0.6] AndroidManifest.xml:2:1-13:12
MERGED from [host.exp:reactandroid-abi25_0_0:1.0.0] AndroidManifest.xml:2:1-15:12
MERGED from [host.exp:reactandroid-abi24_0_0:1.0.0] AndroidManifest.xml:2:1-15:12
MERGED from [host.exp:reactandroid-abi23:1.0.0] AndroidManifest.xml:2:1-15:12
MERGED from [host.exp:reactandroid-abi22:1.0.0] AndroidManifest.xml:2:1-15:12
MERGED from [host.exp:reactandroid-abi21:1.0.0] AndroidManifest.xml:2:1-15:12
MERGED from [host.exp:reactandroid-abi20:1.0.0] AndroidManifest.xml:2:1-15:12
MERGED from [host.exp:reactandroid-abi19:1.0.0] AndroidManifest.xml:2:1-15:12
MERGED from [com.facebook.fbui.textlayoutbuilder:textlayoutbuilder:1.0.0] AndroidManifest.xml:10:1-18:12
MERGED from [com.facebook.fresco:fresco:1.0.1] AndroidManifest.xml:2:1-9:12
MERGED from [com.facebook.fresco:animated-gif:1.0.1] AndroidManifest.xml:2:1-9:12
MERGED from [com.facebook.fresco:animated-webp:1.0.1] AndroidManifest.xml:2:1-9:12
MERGED from [com.facebook.fresco:webpsupport:1.0.1] AndroidManifest.xml:2:1-9:12
MERGED from [expolib_v1.com.facebook.fresco:expolib_v1-imagepipeline-okhttp3:1.0.1] AndroidManifest.xml:2:1-9:12
MERGED from [com.facebook.soloader:soloader:0.1.0] AndroidManifest.xml:1:1-4:12
MERGED from [org.webkit:android-jsc:r174650] AndroidManifest.xml:1:1-3:12
MERGED from [com.crashlytics.sdk.android:crashlytics:2.5.5] AndroidManifest.xml:2:1-13:12
MERGED from [com.facebook.fresco:drawee:1.0.1] AndroidManifest.xml:2:1-9:12
MERGED from [com.facebook.fresco:animated-base:1.0.1] AndroidManifest.xml:2:1-9:12
MERGED from [com.facebook.fresco:imagepipeline:1.0.1] AndroidManifest.xml:2:1-9:12
MERGED from [com.facebook.fresco:imagepipeline-base:1.0.1] AndroidManifest.xml:2:1-9:12
MERGED from [com.facebook.fresco:fbcore:1.0.1] AndroidManifest.xml:2:1-9:12
MERGED from [com.crashlytics.sdk.android:crashlytics-core:2.3.8] AndroidManifest.xml:2:1-13:12
MERGED from [com.crashlytics.sdk.android:answers:1.3.6] AndroidManifest.xml:2:1-13:12
MERGED from [io.fabric.sdk.android:fabric:1.3.10] AndroidManifest.xml:18:1-29:12
MERGED from [com.crashlytics.sdk.android:beta:1.1.4] AndroidManifest.xml:2:1-13:12
INJECTED from src/main/AndroidManifest.xml:2:1-291:12
INJECTED from src/main/AndroidManifest.xml:2:1-291:12
INJECTED from src/main/AndroidManifest.xml:2:1-291:12
	package
		ADDED from src/main/AndroidManifest.xml:3:3-30
		INJECTED from src/main/AndroidManifest.xml
		INJECTED from src/main/AndroidManifest.xml
	android:versionName
		INJECTED from src/main/AndroidManifest.xml
		ADDED from src/main/AndroidManifest.xml:2:1-291:12
		INJECTED from src/main/AndroidManifest.xml
	xmlns:tools
		ADDED from src/main/AndroidManifest.xml:5:3-49
	android:versionCode
		INJECTED from src/main/AndroidManifest.xml
		ADDED from src/main/AndroidManifest.xml:2:1-291:12
		INJECTED from src/main/AndroidManifest.xml
	xmlns:android
		ADDED from src/main/AndroidManifest.xml:4:3-61
uses-permission#com.google.android.c2dm.permission.RECEIVE
ADDED from src/main/AndroidManifest.xml:13:3-80
MERGED from src/main/AndroidManifest.xml:13:3-80
MERGED from src/main/AndroidManifest.xml:13:3-80
MERGED from [com.google.android.gms:play-services-gcm:9.8.0] AndroidManifest.xml:20:5-81
MERGED from [com.google.android.gms:play-services-gcm:9.8.0] AndroidManifest.xml:20:5-81
MERGED from [com.onesignal:OneSignal:3.7.1] AndroidManifest.xml:18:5-82
MERGED from [com.onesignal:OneSignal:3.7.1] AndroidManifest.xml:18:5-82
MERGED from [com.google.android.gms:play-services-iid:9.8.0] AndroidManifest.xml:20:5-81
MERGED from [com.google.android.gms:play-services-iid:9.8.0] AndroidManifest.xml:20:5-81
MERGED from [com.google.firebase:firebase-iid:9.8.0] AndroidManifest.xml:22:5-81
MERGED from [com.google.firebase:firebase-iid:9.8.0] AndroidManifest.xml:22:5-81
	android:name
		ADDED from src/main/AndroidManifest.xml:13:20-77
uses-permission#android.permission.ACCESS_NETWORK_STATE
ADDED from src/main/AndroidManifest.xml:14:3-77
MERGED from src/main/AndroidManifest.xml:14:3-77
MERGED from src/main/AndroidManifest.xml:14:3-77
MERGED from [host.exp.exponent:expoview:25.0.0] AndroidManifest.xml:25:5-79
MERGED from [host.exp.exponent:expoview:25.0.0] AndroidManifest.xml:25:5-79
MERGED from [com.facebook.android:audience-network-sdk:4.26.1] AndroidManifest.xml:12:5-79
MERGED from [com.facebook.android:audience-network-sdk:4.26.1] AndroidManifest.xml:12:5-79
MERGED from [com.google.android.gms:play-services-analytics:9.8.0] AndroidManifest.xml:21:5-78
MERGED from [com.google.android.gms:play-services-analytics:9.8.0] AndroidManifest.xml:21:5-78
MERGED from [com.google.android.gms:play-services-maps:9.8.0] AndroidManifest.xml:19:5-78
MERGED from [com.google.android.gms:play-services-maps:9.8.0] AndroidManifest.xml:19:5-78
MERGED from [io.nlopez.smartlocation:library:3.2.11] AndroidManifest.xml:13:5-79
MERGED from [io.nlopez.smartlocation:library:3.2.11] AndroidManifest.xml:13:5-79
MERGED from [com.onesignal:OneSignal:3.7.1] AndroidManifest.xml:25:5-79
MERGED from [com.onesignal:OneSignal:3.7.1] AndroidManifest.xml:25:5-79
MERGED from [com.google.android.gms:play-services-analytics-impl:9.8.0] AndroidManifest.xml:21:5-78
MERGED from [com.google.android.gms:play-services-analytics-impl:9.8.0] AndroidManifest.xml:21:5-78
MERGED from [com.google.android.gms:play-services-ads-lite:9.8.0] AndroidManifest.xml:20:5-78
MERGED from [com.google.android.gms:play-services-ads-lite:9.8.0] AndroidManifest.xml:20:5-78
MERGED from [com.google.firebase:firebase-analytics:9.8.0] AndroidManifest.xml:21:5-78
MERGED from [com.google.firebase:firebase-analytics:9.8.0] AndroidManifest.xml:21:5-78
MERGED from [com.google.firebase:firebase-analytics-impl:9.8.0] AndroidManifest.xml:21:5-78
MERGED from [com.google.firebase:firebase-analytics-impl:9.8.0] AndroidManifest.xml:21:5-78
MERGED from [com.google.firebase:firebase-iid:9.8.0] AndroidManifest.xml:19:5-78
MERGED from [com.google.firebase:firebase-iid:9.8.0] AndroidManifest.xml:19:5-78
	android:name
		ADDED from src/main/AndroidManifest.xml:14:20-74
uses-permission#android.permission.INTERNET
ADDED from src/main/AndroidManifest.xml:15:3-65
MERGED from src/main/AndroidManifest.xml:15:3-65
MERGED from src/main/AndroidManifest.xml:15:3-65
MERGED from [host.exp.exponent:expoview:25.0.0] AndroidManifest.xml:19:5-67
MERGED from [host.exp.exponent:expoview:25.0.0] AndroidManifest.xml:19:5-67
MERGED from [com.facebook.android:audience-network-sdk:4.26.1] AndroidManifest.xml:11:5-67
MERGED from [com.facebook.android:audience-network-sdk:4.26.1] AndroidManifest.xml:11:5-67
MERGED from [com.google.android.gms:play-services-gcm:9.8.0] AndroidManifest.xml:21:5-66
MERGED from [com.google.android.gms:play-services-gcm:9.8.0] AndroidManifest.xml:21:5-66
MERGED from [com.google.android.gms:play-services-analytics:9.8.0] AndroidManifest.xml:20:5-66
MERGED from [com.google.android.gms:play-services-analytics:9.8.0] AndroidManifest.xml:20:5-66
MERGED from [com.google.android.gms:play-services-maps:9.8.0] AndroidManifest.xml:20:5-66
MERGED from [com.google.android.gms:play-services-maps:9.8.0] AndroidManifest.xml:20:5-66
MERGED from [net.openid:appauth:0.4.1] AndroidManifest.xml:24:5-67
MERGED from [net.openid:appauth:0.4.1] AndroidManifest.xml:24:5-67
MERGED from [com.onesignal:OneSignal:3.7.1] AndroidManifest.xml:17:5-67
MERGED from [com.onesignal:OneSignal:3.7.1] AndroidManifest.xml:17:5-67
MERGED from [com.google.android.gms:play-services-iid:9.8.0] AndroidManifest.xml:21:5-66
MERGED from [com.google.android.gms:play-services-iid:9.8.0] AndroidManifest.xml:21:5-66
MERGED from [com.google.android.gms:play-services-analytics-impl:9.8.0] AndroidManifest.xml:20:5-66
MERGED from [com.google.android.gms:play-services-analytics-impl:9.8.0] AndroidManifest.xml:20:5-66
MERGED from [com.google.android.gms:play-services-ads-lite:9.8.0] AndroidManifest.xml:19:5-66
MERGED from [com.google.android.gms:play-services-ads-lite:9.8.0] AndroidManifest.xml:19:5-66
MERGED from [com.google.firebase:firebase-analytics:9.8.0] AndroidManifest.xml:20:5-66
MERGED from [com.google.firebase:firebase-analytics:9.8.0] AndroidManifest.xml:20:5-66
MERGED from [com.google.firebase:firebase-analytics-impl:9.8.0] AndroidManifest.xml:20:5-66
MERGED from [com.google.firebase:firebase-analytics-impl:9.8.0] AndroidManifest.xml:20:5-66
MERGED from [com.google.firebase:firebase-iid:9.8.0] AndroidManifest.xml:20:5-66
MERGED from [com.google.firebase:firebase-iid:9.8.0] AndroidManifest.xml:20:5-66
MERGED from [com.crashlytics.sdk.android:crashlytics:2.5.5] AndroidManifest.xml:9:5-67
MERGED from [com.crashlytics.sdk.android:crashlytics:2.5.5] AndroidManifest.xml:9:5-67
MERGED from [com.crashlytics.sdk.android:crashlytics-core:2.3.8] AndroidManifest.xml:9:5-67
MERGED from [com.crashlytics.sdk.android:crashlytics-core:2.3.8] AndroidManifest.xml:9:5-67
MERGED from [com.crashlytics.sdk.android:answers:1.3.6] AndroidManifest.xml:9:5-67
MERGED from [com.crashlytics.sdk.android:answers:1.3.6] AndroidManifest.xml:9:5-67
MERGED from [io.fabric.sdk.android:fabric:1.3.10] AndroidManifest.xml:25:5-67
MERGED from [io.fabric.sdk.android:fabric:1.3.10] AndroidManifest.xml:25:5-67
MERGED from [com.crashlytics.sdk.android:beta:1.1.4] AndroidManifest.xml:9:5-67
MERGED from [com.crashlytics.sdk.android:beta:1.1.4] AndroidManifest.xml:9:5-67
	android:name
		ADDED from src/main/AndroidManifest.xml:15:20-62
uses-permission#android.permission.SYSTEM_ALERT_WINDOW
ADDED from src/main/AndroidManifest.xml:16:3-76
MERGED from src/main/AndroidManifest.xml:16:3-76
MERGED from src/main/AndroidManifest.xml:16:3-76
MERGED from [host.exp.exponent:expoview:25.0.0] AndroidManifest.xml:21:5-78
MERGED from [host.exp.exponent:expoview:25.0.0] AndroidManifest.xml:21:5-78
MERGED from [com.facebook.react:react-native:25.0.0] AndroidManifest.xml:11:5-78
MERGED from [com.facebook.react:react-native:25.0.0] AndroidManifest.xml:11:5-78
MERGED from [host.exp:reactandroid-abi25_0_0:1.0.0] AndroidManifest.xml:11:5-78
MERGED from [host.exp:reactandroid-abi25_0_0:1.0.0] AndroidManifest.xml:11:5-78
MERGED from [host.exp:reactandroid-abi24_0_0:1.0.0] AndroidManifest.xml:11:5-78
MERGED from [host.exp:reactandroid-abi24_0_0:1.0.0] AndroidManifest.xml:11:5-78
MERGED from [host.exp:reactandroid-abi23:1.0.0] AndroidManifest.xml:11:5-78
MERGED from [host.exp:reactandroid-abi23:1.0.0] AndroidManifest.xml:11:5-78
MERGED from [host.exp:reactandroid-abi22:1.0.0] AndroidManifest.xml:11:5-78
MERGED from [host.exp:reactandroid-abi22:1.0.0] AndroidManifest.xml:11:5-78
MERGED from [host.exp:reactandroid-abi21:1.0.0] AndroidManifest.xml:11:5-78
MERGED from [host.exp:reactandroid-abi21:1.0.0] AndroidManifest.xml:11:5-78
MERGED from [host.exp:reactandroid-abi20:1.0.0] AndroidManifest.xml:11:5-78
MERGED from [host.exp:reactandroid-abi20:1.0.0] AndroidManifest.xml:11:5-78
MERGED from [host.exp:reactandroid-abi19:1.0.0] AndroidManifest.xml:11:5-78
MERGED from [host.exp:reactandroid-abi19:1.0.0] AndroidManifest.xml:11:5-78
	android:name
		ADDED from src/main/AndroidManifest.xml:16:20-73
uses-permission#android.permission.WAKE_LOCK
ADDED from src/main/AndroidManifest.xml:17:3-66
MERGED from src/main/AndroidManifest.xml:17:3-66
MERGED from src/main/AndroidManifest.xml:17:3-66
MERGED from [host.exp.exponent:expoview:25.0.0] AndroidManifest.xml:22:5-68
MERGED from [host.exp.exponent:expoview:25.0.0] AndroidManifest.xml:22:5-68
MERGED from [com.google.android.gms:play-services-analytics:9.8.0] AndroidManifest.xml:24:5-67
MERGED from [com.google.android.gms:play-services-analytics:9.8.0] AndroidManifest.xml:24:5-67
MERGED from [com.onesignal:OneSignal:3.7.1] AndroidManifest.xml:19:5-68
MERGED from [com.onesignal:OneSignal:3.7.1] AndroidManifest.xml:19:5-68
MERGED from [com.google.android.gms:play-services-analytics-impl:9.8.0] AndroidManifest.xml:24:5-67
MERGED from [com.google.android.gms:play-services-analytics-impl:9.8.0] AndroidManifest.xml:24:5-67
MERGED from [com.google.firebase:firebase-analytics:9.8.0] AndroidManifest.xml:22:5-67
MERGED from [com.google.firebase:firebase-analytics:9.8.0] AndroidManifest.xml:22:5-67
MERGED from [com.google.firebase:firebase-analytics-impl:9.8.0] AndroidManifest.xml:22:5-67
MERGED from [com.google.firebase:firebase-analytics-impl:9.8.0] AndroidManifest.xml:22:5-67
MERGED from [com.google.firebase:firebase-iid:9.8.0] AndroidManifest.xml:21:5-67
MERGED from [com.google.firebase:firebase-iid:9.8.0] AndroidManifest.xml:21:5-67
	android:name
		ADDED from src/main/AndroidManifest.xml:17:20-63
uses-permission#android.permission.MANAGE_DOCUMENTS
ADDED from src/main/AndroidManifest.xml:21:3-73
MERGED from src/main/AndroidManifest.xml:21:3-73
MERGED from src/main/AndroidManifest.xml:21:3-73
MERGED from [host.exp.exponent:expoview:25.0.0] AndroidManifest.xml:26:5-75
MERGED from [host.exp.exponent:expoview:25.0.0] AndroidManifest.xml:26:5-75
	android:name
		ADDED from src/main/AndroidManifest.xml:21:20-70
uses-permission#android.permission.READ_INTERNAL_STORAGE
ADDED from src/main/AndroidManifest.xml:22:3-78
MERGED from src/main/AndroidManifest.xml:22:3-78
MERGED from src/main/AndroidManifest.xml:22:3-78
MERGED from [host.exp.exponent:expoview:25.0.0] AndroidManifest.xml:24:5-80
MERGED from [host.exp.exponent:expoview:25.0.0] AndroidManifest.xml:24:5-80
	android:name
		ADDED from src/main/AndroidManifest.xml:22:20-75
uses-permission#android.permission.READ_PHONE_STATE
ADDED from src/main/AndroidManifest.xml:23:3-73
MERGED from src/main/AndroidManifest.xml:23:3-73
MERGED from src/main/AndroidManifest.xml:23:3-73
	android:name
		ADDED from src/main/AndroidManifest.xml:23:20-70
uses-permission#android.permission.USE_FINGERPRINT
ADDED from src/main/AndroidManifest.xml:24:3-72
MERGED from src/main/AndroidManifest.xml:24:3-72
MERGED from src/main/AndroidManifest.xml:24:3-72
MERGED from [host.exp.exponent:expoview:25.0.0] AndroidManifest.xml:27:5-74
MERGED from [host.exp.exponent:expoview:25.0.0] AndroidManifest.xml:27:5-74
	android:name
		ADDED from src/main/AndroidManifest.xml:24:20-69
uses-permission#android.permission.VIBRATE
ADDED from src/main/AndroidManifest.xml:25:3-64
MERGED from src/main/AndroidManifest.xml:25:3-64
MERGED from src/main/AndroidManifest.xml:25:3-64
MERGED from [com.onesignal:OneSignal:3.7.1] AndroidManifest.xml:24:5-66
MERGED from [com.onesignal:OneSignal:3.7.1] AndroidManifest.xml:24:5-66
	android:name
		ADDED from src/main/AndroidManifest.xml:25:20-61
uses-permission#com.android.launcher.permission.INSTALL_SHORTCUT
ADDED from src/main/AndroidManifest.xml:26:3-86
MERGED from src/main/AndroidManifest.xml:26:3-86
MERGED from src/main/AndroidManifest.xml:26:3-86
MERGED from [host.exp.exponent:expoview:25.0.0] AndroidManifest.xml:20:5-88
MERGED from [host.exp.exponent:expoview:25.0.0] AndroidManifest.xml:20:5-88
	android:name
		ADDED from src/main/AndroidManifest.xml:26:20-83
uses-permission#android.permission.ACCESS_COARSE_LOCATION
ADDED from src/main/AndroidManifest.xml:29:3-79
MERGED from src/main/AndroidManifest.xml:29:3-79
MERGED from src/main/AndroidManifest.xml:29:3-79
MERGED from [host.exp.exponent:expoview:25.0.0] AndroidManifest.xml:36:5-81
MERGED from [host.exp.exponent:expoview:25.0.0] AndroidManifest.xml:36:5-81
MERGED from [io.nlopez.smartlocation:library:3.2.11] AndroidManifest.xml:12:5-81
MERGED from [io.nlopez.smartlocation:library:3.2.11] AndroidManifest.xml:12:5-81
	android:name
		ADDED from src/main/AndroidManifest.xml:29:20-76
uses-permission#android.permission.ACCESS_FINE_LOCATION
ADDED from src/main/AndroidManifest.xml:30:3-77
MERGED from src/main/AndroidManifest.xml:30:3-77
MERGED from src/main/AndroidManifest.xml:30:3-77
MERGED from [host.exp.exponent:expoview:25.0.0] AndroidManifest.xml:37:5-79
MERGED from [host.exp.exponent:expoview:25.0.0] AndroidManifest.xml:37:5-79
MERGED from [io.nlopez.smartlocation:library:3.2.11] AndroidManifest.xml:14:5-79
MERGED from [io.nlopez.smartlocation:library:3.2.11] AndroidManifest.xml:14:5-79
	android:name
		ADDED from src/main/AndroidManifest.xml:30:20-74
uses-permission#android.permission.CAMERA
ADDED from src/main/AndroidManifest.xml:31:3-63
MERGED from src/main/AndroidManifest.xml:31:3-63
MERGED from src/main/AndroidManifest.xml:31:3-63
MERGED from [host.exp.exponent:expoview:25.0.0] AndroidManifest.xml:35:5-65
MERGED from [host.exp.exponent:expoview:25.0.0] AndroidManifest.xml:35:5-65
MERGED from [com.google.android:cameraview:1.0.0] AndroidManifest.xml:23:5-65
MERGED from [com.google.android:cameraview:1.0.0] AndroidManifest.xml:23:5-65
	android:name
		ADDED from src/main/AndroidManifest.xml:31:20-60
uses-permission#android.permission.READ_CONTACTS
ADDED from src/main/AndroidManifest.xml:32:3-70
MERGED from src/main/AndroidManifest.xml:32:3-70
MERGED from src/main/AndroidManifest.xml:32:3-70
MERGED from [host.exp.exponent:expoview:25.0.0] AndroidManifest.xml:30:5-72
MERGED from [host.exp.exponent:expoview:25.0.0] AndroidManifest.xml:30:5-72
	android:name
		ADDED from src/main/AndroidManifest.xml:32:20-67
uses-permission#android.permission.READ_EXTERNAL_STORAGE
ADDED from src/main/AndroidManifest.xml:33:3-78
MERGED from src/main/AndroidManifest.xml:33:3-78
MERGED from src/main/AndroidManifest.xml:33:3-78
MERGED from [host.exp.exponent:expoview:25.0.0] AndroidManifest.xml:33:5-80
MERGED from [host.exp.exponent:expoview:25.0.0] AndroidManifest.xml:33:5-80
	android:name
		ADDED from src/main/AndroidManifest.xml:33:20-75
uses-permission#android.permission.RECORD_AUDIO
ADDED from src/main/AndroidManifest.xml:34:3-69
MERGED from src/main/AndroidManifest.xml:34:3-69
MERGED from src/main/AndroidManifest.xml:34:3-69
	android:name
		ADDED from src/main/AndroidManifest.xml:34:20-66
uses-permission#android.permission.WRITE_EXTERNAL_STORAGE
ADDED from src/main/AndroidManifest.xml:35:3-79
MERGED from src/main/AndroidManifest.xml:35:3-79
MERGED from src/main/AndroidManifest.xml:35:3-79
MERGED from [host.exp.exponent:expoview:25.0.0] AndroidManifest.xml:34:5-81
MERGED from [host.exp.exponent:expoview:25.0.0] AndroidManifest.xml:34:5-81
	android:name
		ADDED from src/main/AndroidManifest.xml:35:20-76
uses-permission#android.permission.WRITE_SETTINGS
ADDED from src/main/AndroidManifest.xml:36:3-71
MERGED from src/main/AndroidManifest.xml:36:3-71
MERGED from src/main/AndroidManifest.xml:36:3-71
	android:name
		ADDED from src/main/AndroidManifest.xml:36:20-68
uses-permission#android.permission.ACCESS_NOTIFICATION_POLICY
ADDED from src/main/AndroidManifest.xml:37:3-83
MERGED from src/main/AndroidManifest.xml:37:3-83
MERGED from src/main/AndroidManifest.xml:37:3-83
	android:name
		ADDED from src/main/AndroidManifest.xml:37:20-80
uses-feature#0x00020000
ADDED from src/main/AndroidManifest.xml:42:3-77
MERGED from src/main/AndroidManifest.xml:42:3-77
MERGED from src/main/AndroidManifest.xml:42:3-77
MERGED from [com.google.android.gms:play-services-maps:9.8.0] AndroidManifest.xml:21:5-77
MERGED from [com.google.android.gms:play-services-maps:9.8.0] AndroidManifest.xml:21:5-77
	android:glEsVersion
		ADDED from src/main/AndroidManifest.xml:42:17-49
	android:required
		ADDED from src/main/AndroidManifest.xml:42:50-74
application
ADDED from src/main/AndroidManifest.xml:44:3-289:17
MERGED from src/main/AndroidManifest.xml:44:3-289:17
MERGED from src/main/AndroidManifest.xml:44:3-289:17
MERGED from [host.exp.exponent:expoview:25.0.0] AndroidManifest.xml:67:5-83:19
MERGED from [host.exp.exponent:expoview:25.0.0] AndroidManifest.xml:67:5-83:19
MERGED from [com.airbnb.android:lottie:2.2.0] AndroidManifest.xml:10:5-20
MERGED from [com.airbnb.android:lottie:2.2.0] AndroidManifest.xml:10:5-20
MERGED from [com.facebook.react:react-native:25.0.0] AndroidManifest.xml:13:5-20
MERGED from [com.facebook.react:react-native:25.0.0] AndroidManifest.xml:13:5-20
MERGED from [com.google.android:cameraview:1.0.0] AndroidManifest.xml:32:5-20
MERGED from [com.google.android:cameraview:1.0.0] AndroidManifest.xml:32:5-20
MERGED from [com.facebook.android:facebook-android-sdk:4.28.0] AndroidManifest.xml:28:5-29:19
MERGED from [com.facebook.android:facebook-android-sdk:4.28.0] AndroidManifest.xml:28:5-29:19
MERGED from [com.facebook.android:facebook-login:4.28.0] AndroidManifest.xml:28:5-29:19
MERGED from [com.facebook.android:facebook-login:4.28.0] AndroidManifest.xml:28:5-29:19
MERGED from [com.facebook.android:facebook-share:4.28.0] AndroidManifest.xml:28:5-29:19
MERGED from [com.facebook.android:facebook-share:4.28.0] AndroidManifest.xml:28:5-29:19
MERGED from [com.facebook.android:facebook-common:4.28.0] AndroidManifest.xml:28:5-34:19
MERGED from [com.facebook.android:facebook-common:4.28.0] AndroidManifest.xml:28:5-34:19
MERGED from [com.facebook.android:audience-network-sdk:4.26.1] AndroidManifest.xml:14:5-18:19
MERGED from [com.facebook.android:audience-network-sdk:4.26.1] AndroidManifest.xml:14:5-18:19
MERGED from [com.android.support:appcompat-v7:26.0.1] AndroidManifest.xml:25:5-29:19
MERGED from [com.android.support:appcompat-v7:26.0.1] AndroidManifest.xml:25:5-29:19
MERGED from [com.google.android.gms:play-services-gcm:9.8.0] AndroidManifest.xml:23:5-19
MERGED from [com.google.android.gms:play-services-gcm:9.8.0] AndroidManifest.xml:23:5-19
MERGED from [com.google.android.gms:play-services-analytics:9.8.0] AndroidManifest.xml:26:5-19
MERGED from [com.google.android.gms:play-services-analytics:9.8.0] AndroidManifest.xml:26:5-19
MERGED from [com.google.android.gms:play-services-maps:9.8.0] AndroidManifest.xml:24:5-19
MERGED from [com.google.android.gms:play-services-maps:9.8.0] AndroidManifest.xml:24:5-19
MERGED from [com.google.android.gms:play-services-auth:9.8.0] AndroidManifest.xml:19:5-25:19
MERGED from [com.google.android.gms:play-services-auth:9.8.0] AndroidManifest.xml:19:5-25:19
MERGED from [com.google.android.gms:play-services-fitness:9.8.0] AndroidManifest.xml:18:5-19
MERGED from [com.google.android.gms:play-services-fitness:9.8.0] AndroidManifest.xml:18:5-19
MERGED from [com.google.android.gms:play-services-location:9.8.0] AndroidManifest.xml:4:5-19
MERGED from [com.google.android.gms:play-services-location:9.8.0] AndroidManifest.xml:4:5-19
MERGED from [com.raizlabs.android:DBFlow:2.2.1] AndroidManifest.xml:11:5-20
MERGED from [com.raizlabs.android:DBFlow:2.2.1] AndroidManifest.xml:11:5-20
MERGED from [net.openid:appauth:0.4.1] AndroidManifest.xml:26:5-44:19
MERGED from [net.openid:appauth:0.4.1] AndroidManifest.xml:26:5-44:19